[Browsersync] Access URLs:
 --------------------------------------
       Local: http://localhost:3002
    External: http://192.168.69.62:3002
 --------------------------------------
          UI: http://localhost:3003
 UI External: http://192.168.69.62:3003
 --------------------------------------
[Browsersync] Serving files from: ./
[Browsersync] Watching files...
[Browsersync] Reloading Browsers...
[Browsersync] Reloading Browsers...
[Browsersync] Reloading Browsers...
[Browsersync] Reloading Browsers...
[Browsersync] Access URLs:
 --------------------------------------
       Local: http://localhost:3004
    External: http://192.168.69.62:3004
 --------------------------------------
          UI: http://localhost:3005
 UI External: http://192.168.69.62:3005
 --------------------------------------
[Browsersync] Serving files from: ./
[Browsersync] Watching files...
[Browsersync] Access URLs:
 ----------------------------
 Local: http://localhost:3000
 ----------------------------
    UI: http://localhost:3001
 ----------------------------
[Browsersync] Serving files from: ./
[Browsersync] Watching files...
[Browsersync] Reloading Browsers...
[Browsersync] Reloading Browsers...
[Browsersync] File event [change] : style.css
[Browsersync] Reloading Browsers...
[Browsersync] File event [change] : style.css
[Browsersync] File event [change] : style.css
[Browsersync] File event [change] : style.css
[Browsersync] File event [change] : style.css
[Browsersync] File event [change] : style.css
[Browsersync] File event [change] : style.css
[Browsersync] File event [change] : style.css
[Browsersync] File event [change] : style.css
[Browsersync] File event [change] : style.css
[Browsersync] File event [change] : style.css
[Browsersync] File event [change] : style.css
[Browsersync] File event [change] : style.css
[Browsersync] File event [change] : style.css
[Browsersync] File event [change] : style.css
[Browsersync] File event [change] : style.css
[Browsersync] File event [change] : style.css
[Browsersync] File event [change] : style.css
[Browsersync] File event [change] : style.css
[Browsersync] File event [change] : style.css
[Browsersync] File event [change] : style.css
[Browsersync] File event [change] : style.css
[Browsersync] File event [change] : style.css
[Browsersync] File event [change] : style.css
[Browsersync] File event [change] : style.css
[Browsersync] File event [change] : style.css
[Browsersync] File event [change] : style.css
[Browsersync] File event [change] : style.css
[Browsersync] File event [change] : style.css
[Browsersync] File event [change] : style.css
[Browsersync] Reloading Browsers...
[Browsersync] File event [change] : style.css
[Browsersync] File event [change] : style.css
[Browsersync] File event [change] : style.css
[Browsersync] File event [change] : style.css
[Browsersync] File event [change] : style.css
[Browsersync] File event [change] : style.css
[Browsersync] File event [change] : style.css
[Browsersync] File event [change] : style.css
[Browsersync] File event [change] : style.css
[Browsersync] File event [change] : style.css
[Browsersync] File event [change] : style.css
[Browsersync] File event [change] : style.css
[Browsersync] File event [change] : style.css
[Browsersync] Access URLs:
 --------------------------------------
       Local: http://localhost:3002
    External: http://192.168.69.62:3002
 --------------------------------------
          UI: http://localhost:3003
 UI External: http://192.168.69.62:3003
 --------------------------------------
[Browsersync] Serving files from: ./
[Browsersync] Watching files...
[Browsersync] Reloading Browsers...
[Browsersync] Access URLs:
 --------------------------------------
       Local: http://localhost:3004
    External: http://192.168.69.62:3004
 --------------------------------------
          UI: http://localhost:3005
 UI External: http://192.168.69.62:3005
 --------------------------------------
[Browsersync] Serving files from: ./
[Browsersync] Watching files...
[Browsersync] Access URLs:
 --------------------------------------
       Local: http://localhost:3006
    External: http://192.168.69.62:3006
 --------------------------------------
          UI: http://localhost:3007
 UI External: http://192.168.69.62:3007
 --------------------------------------
[Browsersync] Serving files from: ./
[Browsersync] Watching files...
[Browsersync] Reloading Browsers...
[Browsersync] Reloading Browsers...
[Browsersync] Reloading Browsers...
[Browsersync] File event [change] : style.css
[Browsersync] File event [change] : style.css
[Browsersync] File event [change] : style.css
[Browsersync] File event [change] : style.css
[Browsersync] File event [change] : style.css
[Browsersync] File event [change] : style.css
[Browsersync] File event [change] : style.css
[Browsersync] File event [change] : style.css
[Browsersync] Reloading Browsers...
[Browsersync] Reloading Browsers...
[Browsersync] Reloading Browsers...
[Browsersync] Reloading Browsers...
[Browsersync] Access URLs:
 --------------------------------------
       Local: http://localhost:3008
    External: http://192.168.69.62:3008
 --------------------------------------
          UI: http://localhost:3009
 UI External: http://192.168.69.62:3009
 --------------------------------------
[Browsersync] Serving files from: ./
[Browsersync] Watching files...
[Browsersync] Reloading Browsers...
[Browsersync] Reloading Browsers...
[Browsersync] Reloading Browsers...
[Browsersync] Reloading Browsers...
[Browsersync] Reloading Browsers...
[Browsersync] Reloading Browsers...
[Browsersync] Reloading Browsers...
[Browsersync] Reloading Browsers...
[Browsersync] Reloading Browsers...
[Browsersync] Reloading Browsers...
[Browsersync] Reloading Browsers...
[Browsersync] Reloading Browsers...
[Browsersync] Reloading Browsers...
[Browsersync] Reloading Browsers...
[Browsersync] Reloading Browsers...
[Browsersync] Access URLs:
 --------------------------------------
       Local: http://localhost:3010
    External: http://192.168.69.62:3010
 --------------------------------------
          UI: http://localhost:3011
 UI External: http://192.168.69.62:3011
 --------------------------------------
[Browsersync] Serving files from: ./
[Browsersync] Watching files...
[Browsersync] Reloading Browsers...
[Browsersync] Reloading Browsers...
[Browsersync] Reloading Browsers...
[Browsersync] Reloading Browsers...
[Browsersync] Reloading Browsers...
[Browsersync] Reloading Browsers...
[Browsersync] Reloading Browsers...
[Browsersync] Reloading Browsers...
[Browsersync] Reloading Browsers...
[Browsersync] Reloading Browsers...
[Browsersync] Reloading Browsers...
[Browsersync] Reloading Browsers...
[Browsersync] Reloading Browsers...
[Browsersync] Reloading Browsers...
[Browsersync] Reloading Browsers...
[Browsersync] Reloading Browsers...
[Browsersync] Reloading Browsers...
[Browsersync] Reloading Browsers...
[Browsersync] Reloading Browsers...
[Browsersync] Reloading Browsers...
[Browsersync] Reloading Browsers...
[Browsersync] Reloading Browsers...
[Browsersync] Reloading Browsers...
[Browsersync] Reloading Browsers...
[Browsersync] Reloading Browsers...
[Browsersync] Reloading Browsers...
[Browsersync] Reloading Browsers...
[Browsersync] Reloading Browsers...
[Browsersync] Reloading Browsers...
[Browsersync] Reloading Browsers...
[Browsersync] Reloading Browsers...
[Browsersync] Reloading Browsers...
[Browsersync] Reloading Browsers...
[Browsersync] Reloading Browsers...
[Browsersync] Reloading Browsers...
[Browsersync] Reloading Browsers...
[Browsersync] Reloading Browsers...
[Browsersync] Reloading Browsers...
[Browsersync] Reloading Browsers...
[Browsersync] Reloading Browsers...
[Browsersync] Reloading Browsers...
[Browsersync] Reloading Browsers...
[Browsersync] Reloading Browsers...
[Browsersync] Reloading Browsers...
[Browsersync] Reloading Browsers...
[Browsersync] Reloading Browsers...
[Browsersync] Reloading Browsers...
[Browsersync] Reloading Browsers...
[Browsersync] Reloading Browsers...
[Browsersync] Reloading Browsers...
[Browsersync] Reloading Browsers...
[Browsersync] Reloading Browsers...
[Browsersync] Reloading Browsers...
[Browsersync] Reloading Browsers...
[Browsersync] Reloading Browsers...
[Browsersync] Reloading Browsers...
[Browsersync] Reloading Browsers...
[Browsersync] Reloading Browsers...
[Browsersync] Reloading Browsers...
[Browsersync] Reloading Browsers...
[Browsersync] Reloading Browsers...
[Browsersync] Reloading Browsers...
[Browsersync] Reloading Browsers...
[Browsersync] Reloading Browsers...
[Browsersync] Reloading Browsers...
[Browsersync] Reloading Browsers...
[Browsersync] Reloading Browsers...
[Browsersync] Reloading Browsers...
[Browsersync] Reloading Browsers...
[Browsersync] Reloading Browsers...
[Browsersync] Reloading Browsers...
[Browsersync] Reloading Browsers...
[Browsersync] Reloading Browsers...
[Browsersync] Reloading Browsers...
[Browsersync] Reloading Browsers...
[Browsersync] Reloading Browsers...
[Browsersync] Reloading Browsers...
[Browsersync] Reloading Browsers...
[Browsersync] File event [change] : style.css
[Browsersync] File event [change] : style.css
[Browsersync] File event [change] : style.css
[Browsersync] File event [change] : style.css
[Browsersync] File event [change] : style.css
[Browsersync] File event [change] : style.css
[Browsersync] Reloading Browsers...
[Browsersync] Reloading Browsers...
[Browsersync] Reloading Browsers...
[Browsersync] Reloading Browsers...
[Browsersync] Reloading Browsers...
[Browsersync] Reloading Browsers...
[Browsersync] File event [change] : style.css
[Browsersync] File event [change] : style.css
[Browsersync] File event [change] : style.css
[Browsersync] File event [change] : style.css
[Browsersync] File event [change] : style.css
[Browsersync] File event [change] : style.css
[Browsersync] File event [change] : style.css
[Browsersync] File event [change] : style.css
[Browsersync] File event [change] : style.css
[Browsersync] File event [change] : style.css
[Browsersync] File event [change] : style.css
[Browsersync] File event [change] : style.css
[Browsersync] File event [change] : style.css
[Browsersync] File event [change] : style.css
[Browsersync] File event [change] : style.css
[Browsersync] File event [change] : style.css
[Browsersync] File event [change] : style.css
[Browsersync] File event [change] : style.css
[Browsersync] Reloading Browsers...
[Browsersync] Reloading Browsers...
[Browsersync] Reloading Browsers...
[Browsersync] Reloading Browsers...
[Browsersync] Reloading Browsers...
[Browsersync] Reloading Browsers...
[Browsersync] Reloading Browsers...
[Browsersync] Reloading Browsers...
[Browsersync] Reloading Browsers...
[Browsersync] Reloading Browsers...
[Browsersync] File event [change] : style.css
[Browsersync] File event [change] : style.css
[Browsersync] File event [change] : style.css
[Browsersync] File event [change] : style.css
[Browsersync] File event [change] : style.css
[Browsersync] File event [change] : style.css
[Browsersync] File event [change] : style.css
[Browsersync] File event [change] : style.css
[Browsersync] File event [change] : style.css
[Browsersync] File event [change] : style.css
[Browsersync] File event [change] : style.css
[Browsersync] File event [change] : style.css
[Browsersync] Reloading Browsers...
[Browsersync] Reloading Browsers...
[Browsersync] Reloading Browsers...
[Browsersync] Reloading Browsers...
[Browsersync] Reloading Browsers...
[Browsersync] Reloading Browsers...
[Browsersync] Reloading Browsers...
[Browsersync] Reloading Browsers...
[Browsersync] Reloading Browsers...
[Browsersync] Reloading Browsers...
[Browsersync] Reloading Browsers...
[Browsersync] Reloading Browsers...
[Browsersync] Reloading Browsers...
[Browsersync] Reloading Browsers...
[Browsersync] Reloading Browsers...
[Browsersync] Reloading Browsers...
[Browsersync] Reloading Browsers...
[Browsersync] Reloading Browsers...
[Browsersync] Reloading Browsers...
[Browsersync] Reloading Browsers...
[Browsersync] Reloading Browsers...
[Browsersync] Reloading Browsers...
[Browsersync] Reloading Browsers...
[Browsersync] Reloading Browsers...
[Browsersync] Reloading Browsers...
[Browsersync] Reloading Browsers...
[Browsersync] Reloading Browsers...
[Browsersync] Reloading Browsers...
[Browsersync] Reloading Browsers...
[Browsersync] Reloading Browsers...
[Browsersync] Reloading Browsers...
[Browsersync] Reloading Browsers...
[Browsersync] Reloading Browsers...
[Browsersync] Reloading Browsers...
[Browsersync] Reloading Browsers...
[Browsersync] Reloading Browsers...
[Browsersync] Reloading Browsers...
[Browsersync] Reloading Browsers...
[Browsersync] Reloading Browsers...
[Browsersync] Reloading Browsers...
[Browsersync] Reloading Browsers...
[Browsersync] Reloading Browsers...
[Browsersync] Reloading Browsers...
[Browsersync] Reloading Browsers...
[Browsersync] Reloading Browsers...
[Browsersync] Reloading Browsers...
[Browsersync] Reloading Browsers...
[Browsersync] Reloading Browsers...
[Browsersync] Reloading Browsers...
[Browsersync] Reloading Browsers...
[Browsersync] Reloading Browsers...
[Browsersync] Reloading Browsers...
[Browsersync] Reloading Browsers...
[Browsersync] Reloading Browsers...
[Browsersync] Reloading Browsers...
[Browsersync] Reloading Browsers...
[Browsersync] Reloading Browsers...
[Browsersync] Reloading Browsers...
[Browsersync] Reloading Browsers...
[Browsersync] Reloading Browsers...
[Browsersync] Reloading Browsers...
[Browsersync] Reloading Browsers...
[Browsersync] Reloading Browsers...
[Browsersync] Reloading Browsers...
[Browsersync] Reloading Browsers...
[Browsersync] Reloading Browsers...
[Browsersync] Reloading Browsers...
[Browsersync] Reloading Browsers...
[Browsersync] Reloading Browsers...
[Browsersync] Reloading Browsers...
[Browsersync] Reloading Browsers...
[Browsersync] Reloading Browsers...
[Browsersync] Reloading Browsers...
[Browsersync] Reloading Browsers...
[Browsersync] Reloading Browsers...
[Browsersync] Reloading Browsers...
[Browsersync] Reloading Browsers...
[Browsersync] Reloading Browsers...
[Browsersync] Reloading Browsers...
[Browsersync] Reloading Browsers...
[Browsersync] Reloading Browsers...
[Browsersync] Reloading Browsers...
[Browsersync] Reloading Browsers...
[Browsersync] Reloading Browsers...
[Browsersync] Reloading Browsers...
[Browsersync] Reloading Browsers...
[Browsersync] Reloading Browsers...
[Browsersync] Reloading Browsers...
[Browsersync] Reloading Browsers...
[Browsersync] Reloading Browsers...
[Browsersync] Reloading Browsers...
[Browsersync] Reloading Browsers...
[Browsersync] Reloading Browsers...
[Browsersync] Reloading Browsers...
[Browsersync] Reloading Browsers...
[Browsersync] Reloading Browsers...
[Browsersync] Reloading Browsers...
[Browsersync] Reloading Browsers...
[Browsersync] Reloading Browsers...
[Browsersync] Reloading Browsers...
[Browsersync] Reloading Browsers...
[Browsersync] Reloading Browsers...
[Browsersync] Reloading Browsers...
[Browsersync] Reloading Browsers...
[Browsersync] Reloading Browsers...
[Browsersync] Reloading Browsers...
[Browsersync] Reloading Browsers...
[Browsersync] Reloading Browsers...
[Browsersync] Reloading Browsers...
[Browsersync] Reloading Browsers...
[Browsersync] Reloading Browsers...
[Browsersync] Reloading Browsers...
[Browsersync] Reloading Browsers...
[Browsersync] Reloading Browsers...
[Browsersync] Access URLs:
 --------------------------------------
       Local: http://localhost:3000
    External: http://192.168.69.62:3000
 --------------------------------------
          UI: http://localhost:3001
 UI External: http://192.168.69.62:3001
 --------------------------------------
[Browsersync] Serving files from: ./
[Browsersync] Watching files...
[Browsersync] Reloading Browsers...
[Browsersync] Reloading Browsers...
[Browsersync] File event [change] : style.css
[Browsersync] File event [change] : style.css
[Browsersync] File event [change] : style.css
[Browsersync] File event [change] : style.css
[Browsersync] File event [change] : style.css
[Browsersync] File event [change] : style.css
[Browsersync] File event [change] : style.css
[Browsersync] File event [change] : style.css
[Browsersync] File event [change] : style.css
[Browsersync] File event [change] : style.css
[Browsersync] Reloading Browsers...
[Browsersync] Reloading Browsers...
[Browsersync] Reloading Browsers...
[Browsersync] Reloading Browsers...
[Browsersync] Reloading Browsers...
[Browsersync] Reloading Browsers...
[Browsersync] Reloading Browsers...
[Browsersync] Reloading Browsers...
[Browsersync] File event [change] : style.css
[Browsersync] File event [change] : style.css
[Browsersync] File event [change] : style.css
[Browsersync] File event [change] : style.css
[Browsersync] File event [change] : style.css
[Browsersync] File event [change] : style.css
[Browsersync] File event [change] : style.css
[Browsersync] File event [change] : style.css
[Browsersync] File event [change] : style.css
[Browsersync] File event [change] : style.css
[Browsersync] File event [change] : style.css
[Browsersync] File event [change] : style.css
[Browsersync] File event [change] : style.css
[Browsersync] File event [change] : style.css
[Browsersync] File event [change] : style.css
[Browsersync] File event [change] : style.css
[Browsersync] File event [change] : style.css
[Browsersync] File event [change] : style.css
[Browsersync] File event [change] : style.css
[Browsersync] File event [change] : style.css
[Browsersync] File event [change] : style.css
[Browsersync] File event [change] : style.css
[Browsersync] File event [change] : style.css
[Browsersync] File event [change] : style.css
[Browsersync] File event [change] : style.css
[Browsersync] Reloading Browsers...
[Browsersync] Reloading Browsers...
[Browsersync] Reloading Browsers...
[Browsersync] Reloading Browsers...
[Browsersync] Reloading Browsers...
[Browsersync] Reloading Browsers...
[Browsersync] Reloading Browsers...
[Browsersync] Reloading Browsers...
[Browsersync] Access URLs:
 --------------------------------------
       Local: http://localhost:3002
    External: http://192.168.69.62:3002
 --------------------------------------
          UI: http://localhost:3003
 UI External: http://192.168.69.62:3003
 --------------------------------------
[Browsersync] Serving files from: ./
[Browsersync] Watching files...
[Browsersync] Reloading Browsers...
[Browsersync] Reloading Browsers...
[Browsersync] File event [change] : style.css
[Browsersync] File event [change] : style.css
[Browsersync] Reloading Browsers...
[Browsersync] Reloading Browsers...
[Browsersync] Reloading Browsers...
[Browsersync] Reloading Browsers...
[Browsersync] Reloading Browsers...
[Browsersync] Reloading Browsers...
[Browsersync] Reloading Browsers...
[Browsersync] Reloading Browsers...
[Browsersync] Reloading Browsers...
[Browsersync] Reloading Browsers...
[Browsersync] Reloading Browsers...
[Browsersync] Reloading Browsers...
[Browsersync] Reloading Browsers...
[Browsersync] Reloading Browsers...
[Browsersync] File event [change] : style.css
[Browsersync] File event [change] : style.css
[Browsersync] File event [change] : style.css
[Browsersync] File event [change] : style.css
[Browsersync] File event [change] : style.css
[Browsersync] File event [change] : style.css
[Browsersync] File event [change] : style.css
[Browsersync] File event [change] : style.css
[Browsersync] File event [change] : style.css
[Browsersync] File event [change] : style.css
[Browsersync] File event [change] : style.css
[Browsersync] File event [change] : style.css
[Browsersync] File event [change] : style.css
[Browsersync] File event [change] : style.css
[Browsersync] File event [change] : style.css
[Browsersync] File event [change] : style.css
